This is TeX, Version 3.14159 (Web2C 7.4.5) (format=latex 2004.1.20)  8 APR 2005 12:53
**signup-c.tex
(./signup-c.tex
LaTeX2e <2001/06/01>
Babel <v3.7h> and hyphenation patterns for american, french, german, ngerman, n
ohyphenation, loaded.
(/sw/share/texmf/tex/latex/base/article.cls
Document Class: article 2001/04/21 v1.4e Standard LaTeX document class
(/sw/share/texmf/tex/latex/base/size11.clo
File: size11.clo 2001/04/21 v1.4e Standard LaTeX file (size option)
)
\c@part=\count79
\c@section=\count80
\c@subsection=\count81
\c@subsubsection=\count82
\c@paragraph=\count83
\c@subparagraph=\count84
\c@figure=\count85
\c@table=\count86
\abovecaptionskip=\skip41
\belowcaptionskip=\skip42
\bibindent=\dimen102
)
(/Users/matthias/Packages/TrashyTeXTools/texinputs/fullpage.sty
Style Option FULLPAGE Version 2 as of 15 Dec 1988
) (./signup-c.aux)
\openout1 = `signup-c.aux'.

LaTeX Font Info:    Checking defaults for OML/cmm/m/it on input line 5.
LaTeX Font Info:    ... okay on input line 5.
LaTeX Font Info:    Checking defaults for T1/cmr/m/n on input line 5.
LaTeX Font Info:    ... okay on input line 5.
LaTeX Font Info:    Checking defaults for OT1/cmr/m/n on input line 5.
LaTeX Font Info:    ... okay on input line 5.
LaTeX Font Info:    Checking defaults for OMS/cmsy/m/n on input line 5.
LaTeX Font Info:    ... okay on input line 5.
LaTeX Font Info:    Checking defaults for OMX/cmex/m/n on input line 5.
LaTeX Font Info:    ... okay on input line 5.
LaTeX Font Info:    Checking defaults for U/cmr/m/n on input line 5.
LaTeX Font Info:    ... okay on input line 5.
LaTeX Font Info:    External font `cmex10' loaded for size
(Font)              <12> on input line 10.
LaTeX Font Info:    External font `cmex10' loaded for size
(Font)              <8> on input line 10.
LaTeX Font Info:    External font `cmex10' loaded for size
(Font)              <6> on input line 10.
LaTeX Font Info:    External font `cmex10' loaded for size
(Font)              <10.95> on input line 12.
 [1

] (./signup-c.aux) ) 
Here is how much of TeX's memory you used:
 233 strings out of 95847
 2542 string characters out of 1196009
 48490 words of memory out of 1000001
 3236 multiletter control sequences out of 10000+50000
 7591 words of font info for 27 fonts, out of 500000 for 1000
 14 hyphenation exceptions out of 1000
 21i,7n,19p,114b,209s stack positions out of 1500i,500n,5000p,200000b,5000s

Output written on signup-c.dvi (1 page, 1440 bytes).
