This is pdfTeX, Version 3.141592-1.40.3 (Web2C 7.5.6) (format=pdflatex 2010.6.22)  18 NOV 2010 14:25
entering extended mode
**self
(./self.tex
LaTeX2e <2005/12/01>
Babel <v3.8h> and hyphenation patterns for english, usenglishmax, dumylang, noh
yphenation, arabic, basque, bulgarian, coptic, welsh, czech, slovak, german, ng
erman, danish, esperanto, spanish, catalan, galician, estonian, farsi, finnish,
 french, greek, monogreek, ancientgreek, croatian, hungarian, interlingua, ibyc
us, indonesian, icelandic, italian, latin, mongolian, dutch, norsk, polish, por
tuguese, pinyin, romanian, russian, slovenian, uppersorbian, serbian, swedish, 
turkish, ukenglish, ukrainian, loaded.
(/opt/local/share/texmf-dist/tex/latex/base/article.cls
Document Class: article 2005/09/16 v1.4f Standard LaTeX document class
(/opt/local/share/texmf-dist/tex/latex/base/size10.clo
File: size10.clo 2005/09/16 v1.4f Standard LaTeX file (size option)
)
\c@part=\count79
\c@section=\count80
\c@subsection=\count81
\c@subsubsection=\count82
\c@paragraph=\count83
\c@subparagraph=\count84
\c@figure=\count85
\c@table=\count86
\abovecaptionskip=\skip41
\belowcaptionskip=\skip42
\bibindent=\dimen102
)
(/opt/local/share/texmf-dist/tex/latex/psnfss/times.sty
Package: times 2005/04/12 PSNFSS-v9.2a (SPQR) 
)
No file self.aux.
\openout1 = `self.aux'.

LaTeX Font Info:    Checking defaults for OML/cmm/m/it on input line 23.
LaTeX Font Info:    ... okay on input line 23.
LaTeX Font Info:    Checking defaults for T1/cmr/m/n on input line 23.
LaTeX Font Info:    ... okay on input line 23.
LaTeX Font Info:    Checking defaults for OT1/cmr/m/n on input line 23.
LaTeX Font Info:    ... okay on input line 23.
LaTeX Font Info:    Checking defaults for OMS/cmsy/m/n on input line 23.
LaTeX Font Info:    ... okay on input line 23.
LaTeX Font Info:    Checking defaults for OMX/cmex/m/n on input line 23.
LaTeX Font Info:    ... okay on input line 23.
LaTeX Font Info:    Checking defaults for U/cmr/m/n on input line 23.
LaTeX Font Info:    ... okay on input line 23.
LaTeX Font Info:    Try loading font information for OT1+ptm on input line 23.
(/opt/local/share/texmf-dist/tex/latex/psnfss/ot1ptm.fd
File: ot1ptm.fd 2001/06/04 font definitions for OT1/ptm.
)
LaTeX Font Info:    Font shape `OT1/ptm/bx/n' in size <10> not available
(Font)              Font shape `OT1/ptm/b/n' tried instead on input line 26.
LaTeX Font Info:    Try loading font information for OT1+pcr on input line 31.

(/opt/local/share/texmf-dist/tex/latex/psnfss/ot1pcr.fd
File: ot1pcr.fd 2001/06/04 font definitions for OT1/pcr.
)
LaTeX Font Info:    Font shape `OT1/ptm/bx/n' in size <12> not available
(Font)              Font shape `OT1/ptm/b/n' tried instead on input line 35.
LaTeX Font Info:    External font `cmex10' loaded for size
(Font)              <7> on input line 42.
LaTeX Font Info:    External font `cmex10' loaded for size
(Font)              <5> on input line 42.
LaTeX Font Info:    External font `cmex10' loaded for size
(Font)              <8> on input line 43.
LaTeX Font Info:    External font `cmex10' loaded for size
(Font)              <6> on input line 43.
 [1

{/opt/local/share/texmf/fonts/map/pdftex/updmap/pdftex.map}]
Overfull \hbox (12.98233pt too wide) in paragraph at lines 90--91
[]\OT1/ptm/m/n/10 M. Felleisen. Sup-port for Language-Oriented Pro-gram-ming in
 PLT Scheme.
 []


Overfull \hbox (6.85275pt too wide) in paragraph at lines 105--106
[]\OT1/ptm/m/n/10 Program Com-mit-tee, \OT1/ptm/m/it/10 Object-Oriented Pro-gra
m-ming, Sys-tems, Lan-guages,
 []

[2]
Overfull \hbox (7.39331pt too wide) in paragraph at lines 137--141
\OT1/ptm/m/n/10 Pe-ter Weg-ner (eds.), \OT1/ptm/m/it/10 In-ter-ac-tive Com-pu-t
a-tion: The New Paradigm\OT1/ptm/m/n/10 , Spring-
 []

[3]
Overfull \hbox (4.58229pt too wide) in paragraph at lines 215--218
[]\OT1/ptm/m/n/10 Tobin-Hochstadt, S., M. Felleisen. In-ter-lan-guage Mi-gra-ti
on: From Scripts
 []

[4]
Underfull \hbox (badness 10000) in paragraph at lines 263--264

 []


Underfull \hbox (badness 10000) in paragraph at lines 265--266

 []


Underfull \hbox (badness 10000) in paragraph at lines 267--268

 []


Underfull \hbox (badness 10000) in paragraph at lines 269--270

 []


Underfull \hbox (badness 10000) in paragraph at lines 271--272

 []

[5] [6] (./self.aux) ) 
Here is how much of TeX's memory you used:
 318 strings out of 94073
 3681 string characters out of 1164797
 51804 words of memory out of 1500000
 3663 multiletter control sequences out of 10000+50000
 17761 words of font info for 37 fonts, out of 1200000 for 2000
 645 hyphenation exceptions out of 8191
 24i,8n,17p,138b,197s stack positions out of 5000i,500n,6000p,200000b,5000s
{/opt/local/share/texmf-dist/fonts/enc/dvips/base/8r.enc}
</opt/local/share/texmf-dist/fonts/type1/urw/courier/ucrr8a.pfb></opt/local/sha
re/texmf-dist/fonts/type1/urw/times/utmb8a.pfb></opt/local/share/texmf-dist/fon
ts/type1/urw/times/utmr8a.pfb></opt/local/share/texmf-dist/fonts/type1/urw/time
s/utmri8a.pfb>
Output written on self.pdf (6 pages, 72174 bytes).
PDF statistics:
 38 PDF objects out of 1000 (max. 8388607)
 0 named destinations out of 1000 (max. 131072)
 1 words of extra memory for PDF output out of 10000 (max. 10000000)

