This is pdfTeX, Version 3.14159265-2.6-1.40.17 (TeX Live 2016) (preloaded format=pdflatex 2016.5.22)  18 MAR 2017 20:04
entering extended mode
 restricted \write18 enabled.
 %&-line parsing enabled.
**vita.tex
(./vita.tex
LaTeX2e <2016/03/31>
Babel <3.9r> and hyphenation patterns for 83 language(s) loaded.
(/usr/local/texlive/2016/texmf-dist/tex/latex/base/article.cls
Document Class: article 2014/09/29 v1.4h Standard LaTeX document class
(/usr/local/texlive/2016/texmf-dist/tex/latex/base/size10.clo
File: size10.clo 2014/09/29 v1.4h Standard LaTeX file (size option)
)
\c@part=\count79
\c@section=\count80
\c@subsection=\count81
\c@subsubsection=\count82
\c@paragraph=\count83
\c@subparagraph=\count84
\c@figure=\count85
\c@table=\count86
\abovecaptionskip=\skip41
\belowcaptionskip=\skip42
\bibindent=\dimen102
)
(/usr/local/texlive/2016/texmf-dist/tex/latex/psnfss/times.sty
Package: times 2005/04/12 PSNFSS-v9.2a (SPQR) 
) (./vita.aux)
\openout1 = `vita.aux'.

LaTeX Font Info:    Checking defaults for OML/cmm/m/it on input line 23.
LaTeX Font Info:    ... okay on input line 23.
LaTeX Font Info:    Checking defaults for T1/cmr/m/n on input line 23.
LaTeX Font Info:    ... okay on input line 23.
LaTeX Font Info:    Checking defaults for OT1/cmr/m/n on input line 23.
LaTeX Font Info:    ... okay on input line 23.
LaTeX Font Info:    Checking defaults for OMS/cmsy/m/n on input line 23.
LaTeX Font Info:    ... okay on input line 23.
LaTeX Font Info:    Checking defaults for OMX/cmex/m/n on input line 23.
LaTeX Font Info:    ... okay on input line 23.
LaTeX Font Info:    Checking defaults for U/cmr/m/n on input line 23.
LaTeX Font Info:    ... okay on input line 23.
LaTeX Font Info:    Try loading font information for OT1+ptm on input line 23.

(/usr/local/texlive/2016/texmf-dist/tex/latex/psnfss/ot1ptm.fd
File: ot1ptm.fd 2001/06/04 font definitions for OT1/ptm.
)
LaTeX Font Info:    Font shape `OT1/ptm/bx/n' in size <10> not available
(Font)              Font shape `OT1/ptm/b/n' tried instead on input line 26.
LaTeX Font Info:    Try loading font information for OT1+pcr on input line 31.

(/usr/local/texlive/2016/texmf-dist/tex/latex/psnfss/ot1pcr.fd
File: ot1pcr.fd 2001/06/04 font definitions for OT1/pcr.
)
LaTeX Font Info:    Font shape `OT1/ptm/bx/n' in size <12> not available
(Font)              Font shape `OT1/ptm/b/n' tried instead on input line 35.
LaTeX Font Info:    External font `cmex10' loaded for size
(Font)              <7> on input line 66.
LaTeX Font Info:    External font `cmex10' loaded for size
(Font)              <5> on input line 66.
LaTeX Font Info:    External font `cmex10' loaded for size
(Font)              <8> on input line 67.
LaTeX Font Info:    External font `cmex10' loaded for size
(Font)              <6> on input line 67.
 [1

{/usr/local/texlive/2016/texmf-var/fonts/map/pdftex/updmap/pdftex.map}]
Overfull \hbox (13.22275pt too wide) in paragraph at lines 109--110
[]\OT1/ptm/m/n/10 Well-founded Be-hav-ioral Soft-ware Con-tracts. With R. Find-
ler (U. Chicago).
 []


Overfull \hbox (14.16356pt too wide) in paragraph at lines 110--111
[]\OT1/ptm/m/n/10 Scheme on .NET. With W. Clinger, M. Wand. Mi-crosoft Re-searc
h. $950,000 
 []

[2]
Overfull \hbox (18.90237pt too wide) in paragraph at lines 115--116
[]\OT1/ptm/m/n/10 NextGen: A Pro-gram-ming En-vi-ron-ment for Generic Java. Wit
h R. Cartwright
 []


Overfull \hbox (7.78308pt too wide) in paragraph at lines 119--120
[]\OT1/ptm/m/n/10 Exploring a ``Safe'' Ap-proach to Soft-ware En-gi-neer-ing. W
ith R. Cartwright
 []


Overfull \hbox (3.93242pt too wide) in paragraph at lines 123--124
[]\OT1/ptm/m/n/10 Diagrammatic Rea-son-ing in Hard-ware Ver-i-fi-ca-tion. With 
M. Vardi (Rice).
 []


Underfull \hbox (badness 10000) in paragraph at lines 142--143

 []


Underfull \hbox (badness 10000) in paragraph at lines 144--145

 []

[3]
Overfull \hbox (6.85275pt too wide) in paragraph at lines 161--162
[]\OT1/ptm/m/n/10 Program Com-mit-tee, \OT1/ptm/m/it/10 Object-Oriented Pro-gra
m-ming, Sys-tems, Lan-guages,
 []


Overfull \hbox (5.82375pt too wide) in paragraph at lines 170--171
[]\OT1/ptm/m/n/10 Co-Organizer, \OT1/ptm/m/it/10 Func-tional and Declar-a-tive 
Lan-guages in Ed-u-ca-tion, \OT1/ptm/b/n/10 1999\OT1/ptm/m/n/10 . 
 []


Overfull \hbox (6.70299pt too wide) in paragraph at lines 174--176
[]\OT1/ptm/m/n/10 Program Com-mit-tee, \OT1/ptm/m/it/10 Con-fer-ence on Declar-
a-tive Pro-gram-ming Lan-guages
 []


Overfull \hbox (3.53319pt too wide) in paragraph at lines 182--183
[]\OT1/ptm/m/n/10 Program Com-mit-tee, \OT1/ptm/m/it/10 Con-fer-ence on Func-ti
onal Pro-gram-ming Lan-guages
 []

[4]
Overfull \hbox (9.68285pt too wide) in paragraph at lines 216--218
[]\OT1/ptm/m/n/10 Prolog-in-Scheme and Sch-e-log: macro-embeddings of Pro-log i
nto Scheme.
 []

[5]
Overfull \hbox (7.39331pt too wide) in paragraph at lines 283--288
\OT1/ptm/m/n/10 Pe-ter Weg-ner (eds.), \OT1/ptm/m/it/10 In-ter-ac-tive Com-pu-t
a-tion: The New Paradigm\OT1/ptm/m/n/10 , Spring-
 []


Overfull \hbox (2.27316pt too wide) in paragraph at lines 300--305
\OT1/ptm/m/n/10 Project: Com-put-ing and Pro-gram-ming for Ev-ery Stu-dent \OT1
/ptm/m/it/10 Jour-nal of Com-
 []

[6] [7]
Overfull \hbox (2.50287pt too wide) in paragraph at lines 436--439
[]\OT1/ptm/m/n/10 V. St-Amour, S. Tobin-Hochstadt, and M. Felleisen. Op-ti-miza
-tion Coach-
 []

[8]
Overfull \hbox (4.58229pt too wide) in paragraph at lines 538--541
[]\OT1/ptm/m/n/10 Tobin-Hochstadt, S., M. Felleisen. In-ter-lan-guage Mi-gra-ti
on: From Scripts
 []

[9]
Overfull \hbox (5.68098pt too wide) in paragraph at lines 581--584
[]\OT1/ptm/m/n/10 Clements, J., M. Felleisen. A tail-recursive se-man-tics for 
stack-inspection.
 []

[10]
Overfull \hbox (1.9742pt too wide) in paragraph at lines 705--710
\OT1/ptm/m/it/10 ence on Pro-gram-ming Lan-guage De-sign and Im-ple-men-ta-tion
\OT1/ptm/m/n/10 , 1993, 237--
 []

[11] [12] [13]
Overfull \hbox (8.54301pt too wide) in paragraph at lines 849--852
\OT1/ptm/m/n/10 gram-ming Lan-guages Need Well-founded Con-tracts Rice Uni-ver-
sity, Tech-
 []


Overfull \hbox (0.80249pt too wide) in paragraph at lines 874--878
[]\OT1/ptm/m/n/10 Felleisen, M. Find-ler, R. M. Flatt, and Shri-ram K. The DrSc
heme Project:
 []


Overfull \hbox (6.16196pt too wide) in paragraph at lines 879--882
[]\OT1/ptm/m/n/10 Cormac Flana-gan, Matthias Felleisen. Set Based Anal-y-sis fo
r Full Scheme
 []


Underfull \hbox (badness 10000) in paragraph at lines 939--941

 []


Overfull \hbox (1.83261pt too wide) in paragraph at lines 941--943
[]\OT1/ptm/m/n/10 Christos Di-moulas. \OT1/ptm/m/it/10 Foun-da-tions for Be-hav
-ioral Higher-Order Con-tracts. 
 []


Underfull \hbox (badness 10000) in paragraph at lines 941--943

 []

[14]
Underfull \hbox (badness 10000) in paragraph at lines 943--945

 []


Underfull \hbox (badness 10000) in paragraph at lines 945--947

 []


Underfull \hbox (badness 10000) in paragraph at lines 947--949

 []


Underfull \hbox (badness 10000) in paragraph at lines 949--951

 []


Underfull \hbox (badness 10000) in paragraph at lines 951--953

 []


Underfull \hbox (badness 10000) in paragraph at lines 953--955

 []


Underfull \hbox (badness 10000) in paragraph at lines 955--957

 []


Underfull \hbox (badness 10000) in paragraph at lines 957--959

 []


Underfull \hbox (badness 10000) in paragraph at lines 959--961

 []


Underfull \hbox (badness 10000) in paragraph at lines 961--963

 []


Underfull \hbox (badness 10000) in paragraph at lines 963--965

 []


Underfull \hbox (badness 10000) in paragraph at lines 965--967

 []


Underfull \hbox (badness 10000) in paragraph at lines 967--969

 []


Underfull \hbox (badness 10000) in paragraph at lines 969--971

 []


Underfull \hbox (badness 10000) in paragraph at lines 971--973

 []


Underfull \hbox (badness 10000) in paragraph at lines 973--975

 []

[15]
Overfull \hbox (11.44707pt too wide) in paragraph at lines 984--985
[]\OT1/ptm/m/n/10 Laura Ar-billa. \OT1/ptm/m/it/10 A Cor-re-spon-dence be-tween
 Scheme and the $\OML/cmm/m/it/10 ^^U[]$\OT1/ptm/m/it/10 -CS-Calculus\OT1/ptm/m
/n/10 . 
 []

[16]
Overfull \hbox (1.18301pt too wide) in paragraph at lines 1051--1054
[]\OT1/ptm/m/n/10 Next Gen-er-a-tion Soft-ware Sys-tems and Pro-gram-ming Lan-g
uages. North-
 []


Overfull \hbox (9.99329pt too wide) in paragraph at lines 1069--1072
[]\OT1/ptm/m/n/10 The Mean-ing of Con-tracts. At \OT1/ptm/m/it/10 In-au-gu-ral 
Work-shop: Preuves, Pro-grammes,
 []

[17] (./vita.aux) ) 
Here is how much of TeX's memory you used:
 323 strings out of 493014
 3805 string characters out of 6133351
 58601 words of memory out of 5000000
 3924 multiletter control sequences out of 15000+600000
 17761 words of font info for 37 fonts, out of 8000000 for 9000
 1141 hyphenation exceptions out of 8191
 24i,8n,17p,187b,182s stack positions out of 5000i,500n,10000p,200000b,80000s
{/usr/local/texlive/2016/texmf-dist/fonts/enc/dvips/base/8r.
enc}</usr/local/texlive/2016/texmf-dist/fonts/type1/public/amsfonts/cm/cmmi10.p
fb></usr/local/texlive/2016/texmf-dist/fonts/type1/public/amsfonts/cm/cmmi7.pfb
></usr/local/texlive/2016/texmf-dist/fonts/type1/urw/courier/ucrr8a.pfb></usr/l
ocal/texlive/2016/texmf-dist/fonts/type1/urw/times/utmb8a.pfb></usr/local/texli
ve/2016/texmf-dist/fonts/type1/urw/times/utmr8a.pfb></usr/local/texlive/2016/te
xmf-dist/fonts/type1/urw/times/utmri8a.pfb>
Output written on vita.pdf (17 pages, 115247 bytes).
PDF statistics:
 84 PDF objects out of 1000 (max. 8388607)
 58 compressed objects within 1 object stream
 0 named destinations out of 1000 (max. 500000)
 1 words of extra memory for PDF output out of 10000 (max. 10000000)

